<?xml version="1.0" encoding="UTF-8"?>
<!-- Generated by org.testng.reporters.JUnitReportReporter -->
<testsuite skipped="0" hostname="MacBook-Pro-Viktoria.local" name="FirstTest" tests="1" failures="0" timestamp="2020-08-03T14:40:27 MSK" time="10.093" errors="0">
  <testcase name="test" time="10.093" classname="FirstTest"/>
  <system-out/>
</testsuite> <!-- FirstTest -->
